<?xml version="1.0" encoding="UTF-8"?>
<testsuite name="JourneyOfTheDayWithMySQLTest" tests="9" skipped="0" failures="0" errors="0" timestamp="2019-12-14T15:06:27" hostname="MSI" time="66.655">
  <properties/>
  <testcase name="lockedCardBuyingCreditTest()" classname="JourneyOfTheDayWithMySQLTest" time="46.207"/>
  <testcase name="tryBuyWithoutСvcOrCvvTest()" classname="JourneyOfTheDayWithMySQLTest" time="1.248"/>
  <testcase name="tryBuyWithIncorrectMonthAndYearTest()" classname="JourneyOfTheDayWithMySQLTest" time="1.303"/>
  <testcase name="positiveBuyingTest()" classname="JourneyOfTheDayWithMySQLTest" time="3.72"/>
  <testcase name="tryBuyWithExpiredCardTest()" classname="JourneyOfTheDayWithMySQLTest" time="1.139"/>
  <testcase name="tryBuyWithoutCardOwnerTest()" classname="JourneyOfTheDayWithMySQLTest" time="1.102"/>
  <testcase name="lockedCardBuyingTest()" classname="JourneyOfTheDayWithMySQLTest" time="2.388"/>
  <testcase name="positiveBuyingCreditTest()" classname="JourneyOfTheDayWithMySQLTest" time="8.444"/>
  <testcase name="tryBuyWithoutCardNumberTest()" classname="JourneyOfTheDayWithMySQLTest" time="1.086"/>
  <system-out><![CDATA[]]></system-out>
  <system-err><![CDATA[дек 14, 2019 6:06:32 PM com.codeborne.selenide.drivercommands.LazyDriver getAndCheckWebDriver
INFO: No webdriver is bound to current thread: 12 - let's create a new webdriver
Starting ChromeDriver 78.0.3904.105 (60e2d8774a8151efa6a00b1f358371b1e0e07ee2-refs/branch-heads/3904@{#877}) on port 45897
Only local connections are allowed.
Please protect ports used by ChromeDriver and related test frameworks to prevent access by malicious code.
[1576336012.866][WARNING]: Timed out connecting to Chrome, retrying...
дек 14, 2019 6:06:55 PM org.openqa.selenium.remote.ProtocolHandshake createSession
INFO: Detected dialect: W3C
дек 14, 2019 6:06:55 PM com.codeborne.selenide.webdriver.BrowserResizer adjustBrowserSize
INFO: Set browser size to 1366x768
[1576336017.428][WARNING]: Timed out connecting to Chrome, retrying...
дек 14, 2019 6:06:59 PM com.codeborne.selenide.webdriver.WebDriverFactory logBrowserVersion
INFO: BrowserName=chrome Version=78.0.3904.108 Platform=XP
дек 14, 2019 6:06:59 PM com.codeborne.selenide.webdriver.WebDriverFactory createWebDriver
INFO: Selenide v. 5.3.1
дек 14, 2019 6:06:59 PM com.codeborne.selenide.webdriver.WebDriverFactory logSeleniumInfo
INFO: Selenium WebDriver v. 3.141.59 build time: 2018-11-14T08:17:03
дек 14, 2019 6:06:59 PM com.codeborne.selenide.drivercommands.CreateDriverCommand createDriver
INFO: Create webdriver in current thread 12: ChromeDriver -> ChromeDriver: chrome on XP (65c5315082a1a0753b0c9878c1c3a4cc)
]]></system-err>
</testsuite>
