<?xml version="1.0" encoding="UTF-8"?>
<testsuite name="JourneyOfTheDayTest" tests="1" skipped="0" failures="0" errors="0" timestamp="2019-12-06T21:15:06" hostname="MSI" time="24.187">
  <properties/>
  <testcase name="positiveBuyingCreditTest()" classname="JourneyOfTheDayTest" time="24.187"/>
  <system-out><![CDATA[]]></system-out>
  <system-err><![CDATA[дек 07, 2019 12:15:07 AM com.codeborne.selenide.drivercommands.LazyDriver getAndCheckWebDriver
INFO: No webdriver is bound to current thread: 12 - let's create a new webdriver
Starting ChromeDriver 78.0.3904.105 (60e2d8774a8151efa6a00b1f358371b1e0e07ee2-refs/branch-heads/3904@{#877}) on port 23497
Only local connections are allowed.
Please protect ports used by ChromeDriver and related test frameworks to prevent access by malicious code.
[1575666912.985][WARNING]: Timed out connecting to Chrome, retrying...
дек 07, 2019 12:15:15 AM org.openqa.selenium.remote.ProtocolHandshake createSession
INFO: Detected dialect: W3C
дек 07, 2019 12:15:15 AM com.codeborne.selenide.webdriver.BrowserResizer adjustBrowserSize
INFO: Set browser size to 1366x768
[1575666917.101][WARNING]: Timed out connecting to Chrome, retrying...
дек 07, 2019 12:15:19 AM com.codeborne.selenide.webdriver.WebDriverFactory logBrowserVersion
INFO: BrowserName=chrome Version=78.0.3904.108 Platform=XP
дек 07, 2019 12:15:19 AM com.codeborne.selenide.webdriver.WebDriverFactory createWebDriver
INFO: Selenide v. 5.3.1
дек 07, 2019 12:15:19 AM com.codeborne.selenide.webdriver.WebDriverFactory logSeleniumInfo
INFO: Selenium WebDriver v. 3.141.59 build time: 2018-11-14T08:17:03
дек 07, 2019 12:15:19 AM com.codeborne.selenide.drivercommands.CreateDriverCommand createDriver
INFO: Create webdriver in current thread 12: ChromeDriver -> ChromeDriver: chrome on XP (8ddc30527c955a96423e1e9757596ef5)
]]></system-err>
</testsuite>
