<?xml version="1.0" encoding="UTF-8"?>
<testsuite name="JourneyOfTheDayTest" tests="9" skipped="0" failures="0" errors="0" timestamp="2019-12-05T17:52:53" hostname="MSI" time="34.153">
  <properties/>
  <testcase name="lockedCardBuyingCreditTest()" classname="JourneyOfTheDayTest" time="22.105"/>
  <testcase name="tryBuyWithoutСvcOrCvvTest()" classname="JourneyOfTheDayTest" time="1.241"/>
  <testcase name="tryBuyWithIncorrectMonthAndYearTest()" classname="JourneyOfTheDayTest" time="1.289"/>
  <testcase name="positiveBuyingTest()" classname="JourneyOfTheDayTest" time="0.951"/>
  <testcase name="tryBuyWithExpiredCardTest()" classname="JourneyOfTheDayTest" time="1.095"/>
  <testcase name="tryBuyWithoutCardOwnerTest()" classname="JourneyOfTheDayTest" time="1.095"/>
  <testcase name="lockedCardBuyingTest()" classname="JourneyOfTheDayTest" time="4.303"/>
  <testcase name="positiveBuyingCreditTest()" classname="JourneyOfTheDayTest" time="0.992"/>
  <testcase name="tryBuyWithoutCardNumberTest()" classname="JourneyOfTheDayTest" time="1.059"/>
  <system-out><![CDATA[]]></system-out>
  <system-err><![CDATA[дек 05, 2019 8:52:54 PM com.codeborne.selenide.drivercommands.LazyDriver getAndCheckWebDriver
INFO: No webdriver is bound to current thread: 12 - let's create a new webdriver
Starting ChromeDriver 78.0.3904.105 (60e2d8774a8151efa6a00b1f358371b1e0e07ee2-refs/branch-heads/3904@{#877}) on port 25048
Only local connections are allowed.
Please protect ports used by ChromeDriver and related test frameworks to prevent access by malicious code.
[1575568379.910][WARNING]: Timed out connecting to Chrome, retrying...
дек 05, 2019 8:53:01 PM org.openqa.selenium.remote.ProtocolHandshake createSession
INFO: Detected dialect: W3C
дек 05, 2019 8:53:02 PM com.codeborne.selenide.webdriver.BrowserResizer adjustBrowserSize
INFO: Set browser size to 1366x768
[1575568384.017][WARNING]: Timed out connecting to Chrome, retrying...
дек 05, 2019 8:53:06 PM com.codeborne.selenide.webdriver.WebDriverFactory logBrowserVersion
INFO: BrowserName=chrome Version=78.0.3904.108 Platform=XP
дек 05, 2019 8:53:06 PM com.codeborne.selenide.webdriver.WebDriverFactory createWebDriver
INFO: Selenide v. 5.3.1
дек 05, 2019 8:53:06 PM com.codeborne.selenide.webdriver.WebDriverFactory logSeleniumInfo
INFO: Selenium WebDriver v. 3.141.59 build time: 2018-11-14T08:17:03
дек 05, 2019 8:53:06 PM com.codeborne.selenide.drivercommands.CreateDriverCommand createDriver
INFO: Create webdriver in current thread 12: ChromeDriver -> ChromeDriver: chrome on XP (23259f2b84696c01ead0f244d0fd22b3)
]]></system-err>
</testsuite>
