<?xml version="1.0" encoding="UTF-8"?>
<testsuite name="JourneyOfTheDayTest" tests="9" skipped="0" failures="0" errors="0" timestamp="2019-12-05T18:42:58" hostname="MSI" time="34.148">
  <properties/>
  <testcase name="lockedCardBuyingCreditTest()" classname="JourneyOfTheDayTest" time="19.011"/>
  <testcase name="tryBuyWithoutСvcOrCvvTest()" classname="JourneyOfTheDayTest" time="1.117"/>
  <testcase name="tryBuyWithIncorrectMonthAndYearTest()" classname="JourneyOfTheDayTest" time="1.273"/>
  <testcase name="positiveBuyingTest()" classname="JourneyOfTheDayTest" time="0.983"/>
  <testcase name="tryBuyWithExpiredCardTest()" classname="JourneyOfTheDayTest" time="1.112"/>
  <testcase name="tryBuyWithoutCardOwnerTest()" classname="JourneyOfTheDayTest" time="1.044"/>
  <testcase name="lockedCardBuyingTest()" classname="JourneyOfTheDayTest" time="7.513"/>
  <testcase name="positiveBuyingCreditTest()" classname="JourneyOfTheDayTest" time="1.034"/>
  <testcase name="tryBuyWithoutCardNumberTest()" classname="JourneyOfTheDayTest" time="1.041"/>
  <system-out><![CDATA[]]></system-out>
  <system-err><![CDATA[дек 05, 2019 9:42:58 PM com.codeborne.selenide.drivercommands.LazyDriver getAndCheckWebDriver
INFO: No webdriver is bound to current thread: 12 - let's create a new webdriver
Starting ChromeDriver 78.0.3904.105 (60e2d8774a8151efa6a00b1f358371b1e0e07ee2-refs/branch-heads/3904@{#877}) on port 32196
Only local connections are allowed.
Please protect ports used by ChromeDriver and related test frameworks to prevent access by malicious code.
[1575571384.334][WARNING]: Timed out connecting to Chrome, retrying...
дек 05, 2019 9:43:06 PM org.openqa.selenium.remote.ProtocolHandshake createSession
INFO: Detected dialect: W3C
дек 05, 2019 9:43:06 PM com.codeborne.selenide.webdriver.BrowserResizer adjustBrowserSize
INFO: Set browser size to 1366x768
[1575571388.418][WARNING]: Timed out connecting to Chrome, retrying...
дек 05, 2019 9:43:10 PM com.codeborne.selenide.webdriver.WebDriverFactory logBrowserVersion
INFO: BrowserName=chrome Version=78.0.3904.108 Platform=XP
дек 05, 2019 9:43:10 PM com.codeborne.selenide.webdriver.WebDriverFactory createWebDriver
INFO: Selenide v. 5.3.1
дек 05, 2019 9:43:10 PM com.codeborne.selenide.webdriver.WebDriverFactory logSeleniumInfo
INFO: Selenium WebDriver v. 3.141.59 build time: 2018-11-14T08:17:03
дек 05, 2019 9:43:10 PM com.codeborne.selenide.drivercommands.CreateDriverCommand createDriver
INFO: Create webdriver in current thread 12: ChromeDriver -> ChromeDriver: chrome on XP (6ecae2e970bba67c65d6805a7f4b0b52)
]]></system-err>
</testsuite>
